  Quiz 2.cpp
f:\fic\cmpt135\programs\quiz 2\quiz 2\quiz 2\quiz 2.cpp(100): warning C4244: 'argument' : conversion from 'time_t' to 'unsigned int', possible loss of data
f:\fic\cmpt135\programs\quiz 2\quiz 2\quiz 2\quiz 2.cpp(85): error C2248: 'Map<K,V>::A1' : cannot access private member declared in class 'Map<K,V>'
          with
          [
              K=int,
              V=SmarterArray<int>
          ]
          f:\fic\cmpt135\programs\quiz 2\quiz 2\quiz 2\quiz 2.cpp(42) : see declaration of 'Map<K,V>::A1'
          with
          [
              K=int,
              V=SmarterArray<int>
          ]
          f:\fic\cmpt135\programs\quiz 2\quiz 2\quiz 2\quiz 2.cpp(119) : see reference to function template instantiation 'int getMaxSizeValuesKey<int,SmarterArray<T>>(const Map<K,V> &)' being compiled
          with
          [
              T=int,
              K=int,
              V=SmarterArray<int>
          ]
f:\fic\cmpt135\programs\quiz 2\quiz 2\quiz 2\quiz 2.cpp(88): error C2664: 'Map<K,V>::getKey' : cannot convert parameter 1 from 'int' to 'const SmarterArray<T> &'
          with
          [
              K=int,
              V=SmarterArray<int>
          ]
          and
          [
              T=int
          ]
          Reason: cannot convert from 'int' to 'const SmarterArray<T>'
          with
          [
              T=int
          ]
          No constructor could take the source type, or constructor overload resolution was ambiguous
